<?xml version="1.0" encoding="UTF-8"?>
<testsuite name="findAll() — listar plantillas" tests="2" skipped="0" failures="0" errors="0" timestamp="2026-05-29T01:22:12.565Z" hostname="DESKTOP-4RNLC2K" time="0.016">
  <properties/>
  <testcase name="Retorna todas las plantillas" classname="com.granishots.notifications.domain.usecase.TemplateUseCaseTest$FindAll" time="0.005"/>
  <testcase name="Sin plantillas → lista vacía" classname="com.granishots.notifications.domain.usecase.TemplateUseCaseTest$FindAll" time="0.006"/>
  <system-out><![CDATA[]]></system-out>
  <system-err><![CDATA[]]></system-err>
</testsuite>
