<?xml version="1.0" encoding="UTF-8"?>
<testsuite name="POST /templates" tests="4" skipped="0" failures="0" errors="0" timestamp="2026-05-29T01:22:21.099Z" hostname="DESKTOP-4RNLC2K" time="0.074">
  <properties/>
  <testcase name="Tipo inválido en DTO → 400 Bad Request" classname="com.granishots.notifications.infraestructure.entry_points.TemplateControllerTest$Create" time="0.022"/>
  <testcase name="Nombre vacío en DTO → 400 Bad Request" classname="com.granishots.notifications.infraestructure.entry_points.TemplateControllerTest$Create" time="0.015"/>
  <testcase name="Canal inválido en DTO → 400 Bad Request" classname="com.granishots.notifications.infraestructure.entry_points.TemplateControllerTest$Create" time="0.012"/>
  <testcase name="Crear plantilla válida → 201 Created" classname="com.granishots.notifications.infraestructure.entry_points.TemplateControllerTest$Create" time="0.016"/>
  <system-out><![CDATA[2026-05-28T20:22:21.064-05:00  INFO 13684 --- [granishots-notifications-service] [    Test worker] t.c.s.AnnotationConfigContextLoaderUtils : Could not detect default configuration classes for test class [com.granishots.notifications.infraestructure.entry_points.TemplateControllerTest$Create]: Create does not declare any static, non-private, non-final, nested classes annotated with @Configuration.
2026-05-28T20:22:21.088-05:00  INFO 13684 --- [granishots-notifications-service] [    Test worker] .b.t.c.SpringBootTestContextBootstrapper : Found @SpringBootConfiguration com.granishots.notifications.NotificationsApplication for test class com.granishots.notifications.infraestructure.entry_points.TemplateControllerTest$Create
]]></system-out>
  <system-err><![CDATA[]]></system-err>
</testsuite>
