<?xml version="1.0" encoding="UTF-8"?>
<testsuite name="POST /bulk" tests="1" skipped="0" failures="0" errors="0" timestamp="2026-05-29T01:22:18.859Z" hostname="DESKTOP-4RNLC2K" time="0.908">
  <properties/>
  <testcase name="Envío masivo exitoso → 201 con resumen" classname="com.granishots.notifications.infraestructure.entry_points.NotificationControllerTest$Bulk" time="0.908"/>
  <system-out><![CDATA[20:22:13.994 [Test worker] INFO org.springframework.test.context.support.AnnotationConfigContextLoaderUtils -- Could not detect default configuration classes for test class [com.granishots.notifications.infraestructure.entry_points.NotificationControllerTest$Bulk]: Bulk does not declare any static, non-private, non-final, nested classes annotated with @Configuration.
20:22:14.026 [Test worker] INFO org.springframework.boot.test.context.SpringBootTestContextBootstrapper -- Found @SpringBootConfiguration com.granishots.notifications.NotificationsApplication for test class com.granishots.notifications.infraestructure.entry_points.NotificationControllerTest$Bulk

  .   ____          _            __ _ _
 /\\ / ___'_ __ _ _(_)_ __  __ _ \ \ \ \
( ( )\___ | '_ | '_| | '_ \/ _` | \ \ \ \
 \\/  ___)| |_)| | | | | || (_| |  ) ) ) )
  '  |____| .__|_| |_|_| |_\__, | / / / /
 =========|_|==============|___/=/_/_/_/

 :: Spring Boot ::                (v3.3.5)

2026-05-28T20:22:15.619-05:00  INFO 13684 --- [granishots-notifications-service] [    Test worker] c.g.n.i.e.NotificationControllerTest     : Starting NotificationControllerTest using Java 22.0.2 with PID 13684 (started by CAMILO in C:\Users\CAMILO\Documents\granishots\granishots-notifications-service)
2026-05-28T20:22:15.626-05:00  INFO 13684 --- [granishots-notifications-service] [    Test worker] c.g.n.i.e.NotificationControllerTest     : No active profile set, falling back to 1 default profile: "default"
2026-05-28T20:22:18.766-05:00  INFO 13684 --- [granishots-notifications-service] [    Test worker] o.s.b.t.m.w.SpringBootMockServletContext : Initializing Spring TestDispatcherServlet ''
2026-05-28T20:22:18.768-05:00  INFO 13684 --- [granishots-notifications-service] [    Test worker] o.s.t.web.servlet.TestDispatcherServlet  : Initializing Servlet ''
2026-05-28T20:22:18.768-05:00  INFO 13684 --- [granishots-notifications-service] [    Test worker] o.s.t.web.servlet.TestDispatcherServlet  : Completed initialization in 0 ms
2026-05-28T20:22:18.836-05:00  INFO 13684 --- [granishots-notifications-service] [    Test worker] c.g.n.i.e.NotificationControllerTest     : Started NotificationControllerTest in 4.631 seconds (process running for 13.734)
]]></system-out>
  <system-err><![CDATA[]]></system-err>
</testsuite>
