<?xml version="1.0" encoding="UTF-8"?>
<testsuite name="DELETE /templates/{id}" tests="2" skipped="0" failures="0" errors="0" timestamp="2026-05-29T01:22:20.775Z" hostname="DESKTOP-4RNLC2K" time="0.037">
  <properties/>
  <testcase name="ID inexistente en eliminación → 404 Not Found" classname="com.granishots.notifications.infraestructure.entry_points.TemplateControllerTest$Delete" time="0.017"/>
  <testcase name="Eliminación exitosa → 200 OK con mensaje" classname="com.granishots.notifications.infraestructure.entry_points.TemplateControllerTest$Delete" time="0.016"/>
  <system-out><![CDATA[2026-05-28T20:22:20.747-05:00  INFO 13684 --- [granishots-notifications-service] [    Test worker] t.c.s.AnnotationConfigContextLoaderUtils : Could not detect default configuration classes for test class [com.granishots.notifications.infraestructure.entry_points.TemplateControllerTest$Delete]: Delete does not declare any static, non-private, non-final, nested classes annotated with @Configuration.
2026-05-28T20:22:20.764-05:00  INFO 13684 --- [granishots-notifications-service] [    Test worker] .b.t.c.SpringBootTestContextBootstrapper : Found @SpringBootConfiguration com.granishots.notifications.NotificationsApplication for test class com.granishots.notifications.infraestructure.entry_points.TemplateControllerTest$Delete
]]></system-out>
  <system-err><![CDATA[]]></system-err>
</testsuite>
