<?xml version="1.0" encoding="UTF-8"?>
<testsuite name="TemplateController — Pruebas Web (MockMvc)" tests="2" skipped="0" failures="0" errors="0" timestamp="2026-05-29T01:22:20.673Z" hostname="DESKTOP-4RNLC2K" time="0.069">
  <properties/>
  <testcase name="GET /type/WELCOME → 200 OK con plantillas filtradas" classname="com.granishots.notifications.infraestructure.entry_points.TemplateControllerTest" time="0.049"/>
  <testcase name="GET /channel/EMAIL → 200 OK con plantillas filtradas" classname="com.granishots.notifications.infraestructure.entry_points.TemplateControllerTest" time="0.016"/>
  <system-out><![CDATA[2026-05-28T20:22:19.911-05:00  INFO 13684 --- [granishots-notifications-service] [    Test worker] t.c.s.AnnotationConfigContextLoaderUtils : Could not detect default configuration classes for test class [com.granishots.notifications.infraestructure.entry_points.TemplateControllerTest]: TemplateControllerTest does not declare any static, non-private, non-final, nested classes annotated with @Configuration.
2026-05-28T20:22:19.927-05:00  INFO 13684 --- [granishots-notifications-service] [    Test worker] .b.t.c.SpringBootTestContextBootstrapper : Found @SpringBootConfiguration com.granishots.notifications.NotificationsApplication for test class com.granishots.notifications.infraestructure.entry_points.TemplateControllerTest

  .   ____          _            __ _ _
 /\\ / ___'_ __ _ _(_)_ __  __ _ \ \ \ \
( ( )\___ | '_ | '_| | '_ \/ _` | \ \ \ \
 \\/  ___)| |_)| | | | | || (_| |  ) ) ) )
  '  |____| .__|_| |_|_| |_\__, | / / / /
 =========|_|==============|___/=/_/_/_/

 :: Spring Boot ::                (v3.3.5)

2026-05-28T20:22:19.982-05:00  INFO 13684 --- [granishots-notifications-service] [    Test worker] c.g.n.i.e.TemplateControllerTest         : Starting TemplateControllerTest using Java 22.0.2 with PID 13684 (started by CAMILO in C:\Users\CAMILO\Documents\granishots\granishots-notifications-service)
2026-05-28T20:22:19.982-05:00  INFO 13684 --- [granishots-notifications-service] [    Test worker] c.g.n.i.e.TemplateControllerTest         : No active profile set, falling back to 1 default profile: "default"
2026-05-28T20:22:20.647-05:00  INFO 13684 --- [granishots-notifications-service] [    Test worker] o.s.b.t.m.w.SpringBootMockServletContext : Initializing Spring TestDispatcherServlet ''
2026-05-28T20:22:20.647-05:00  INFO 13684 --- [granishots-notifications-service] [    Test worker] o.s.t.web.servlet.TestDispatcherServlet  : Initializing Servlet ''
2026-05-28T20:22:20.654-05:00  INFO 13684 --- [granishots-notifications-service] [    Test worker] o.s.t.web.servlet.TestDispatcherServlet  : Completed initialization in 7 ms
2026-05-28T20:22:20.667-05:00  INFO 13684 --- [granishots-notifications-service] [    Test worker] c.g.n.i.e.TemplateControllerTest         : Started TemplateControllerTest in 0.728 seconds (process running for 15.56)
]]></system-out>
  <system-err><![CDATA[]]></system-err>
</testsuite>
