<?xml version="1.0" encoding="UTF-8"?>
<testsuite name="NotificationController — Pruebas Web (MockMvc)" tests="0" skipped="0" failures="0" errors="0" timestamp="1970-01-01T00:00:00Z" hostname="DESKTOP-4RNLC2K" time="0.0">
  <properties/>
  <system-out><![CDATA[Standard Commons Logging discovery in action with spring-jcl: please remove commons-logging.jar from classpath in order to avoid potential conflicts
20:22:13.326 [Test worker] INFO org.springframework.test.context.support.AnnotationConfigContextLoaderUtils -- Could not detect default configuration classes for test class [com.granishots.notifications.infraestructure.entry_points.NotificationControllerTest]: NotificationControllerTest does not declare any static, non-private, non-final, nested classes annotated with @Configuration.
20:22:13.887 [Test worker] INFO org.springframework.boot.test.context.SpringBootTestContextBootstrapper -- Found @SpringBootConfiguration com.granishots.notifications.NotificationsApplication for test class com.granishots.notifications.infraestructure.entry_points.NotificationControllerTest
]]></system-out>
  <system-err><![CDATA[]]></system-err>
</testsuite>
