<?xml version="1.0" encoding="UTF-8"?>
<testsuite name="findByChannel() — buscar por canal" tests="3" skipped="0" failures="0" errors="0" timestamp="2026-05-29T01:22:12.485Z" hostname="DESKTOP-4RNLC2K" time="0.034">
  <properties/>
  <testcase name="Canal vacío → BusinessException 400" classname="com.granishots.notifications.domain.usecase.TemplateUseCaseTest$FindByChannel" time="0.007"/>
  <testcase name="Canal válido → delega al gateway" classname="com.granishots.notifications.domain.usecase.TemplateUseCaseTest$FindByChannel" time="0.013"/>
  <testcase name="Canal inválido → BusinessException 400" classname="com.granishots.notifications.domain.usecase.TemplateUseCaseTest$FindByChannel" time="0.006"/>
  <system-out><![CDATA[]]></system-out>
  <system-err><![CDATA[]]></system-err>
</testsuite>
