<?xml version="1.0" encoding="UTF-8"?>
<testsuite name="send() — validaciones de entrada" tests="11" skipped="0" failures="0" errors="0" timestamp="2026-05-29T01:22:11.786Z" hostname="DESKTOP-4RNLC2K" time="0.122">
  <properties/>
  <testcase name="SMS sin customerContact → BusinessException 400" classname="com.granishots.notifications.domain.usecase.NotificationUseCaseTest$SendValidaciones" time="0.009"/>
  <testcase name="Tipo nulo → BusinessException 400" classname="com.granishots.notifications.domain.usecase.NotificationUseCaseTest$SendValidaciones" time="0.015"/>
  <testcase name="Mensaje vacío → BusinessException 400" classname="com.granishots.notifications.domain.usecase.NotificationUseCaseTest$SendValidaciones" time="0.004"/>
  <testcase name="Mensaje mayor a 1000 chars → BusinessException 400" classname="com.granishots.notifications.domain.usecase.NotificationUseCaseTest$SendValidaciones" time="0.005"/>
  <testcase name="customerName vacío → BusinessException 400" classname="com.granishots.notifications.domain.usecase.NotificationUseCaseTest$SendValidaciones" time="0.013"/>
  <testcase name="EMAIL sin customerContact → BusinessException 400" classname="com.granishots.notifications.domain.usecase.NotificationUseCaseTest$SendValidaciones" time="0.017"/>
  <testcase name="EMAIL con formato inválido (@ausente) → BusinessException 400" classname="com.granishots.notifications.domain.usecase.NotificationUseCaseTest$SendValidaciones" time="0.004"/>
  <testcase name="customerId cero → BusinessException 400" classname="com.granishots.notifications.domain.usecase.NotificationUseCaseTest$SendValidaciones" time="0.006"/>
  <testcase name="customerId nulo → BusinessException 400" classname="com.granishots.notifications.domain.usecase.NotificationUseCaseTest$SendValidaciones" time="0.004"/>
  <testcase name="Canal inválido → BusinessException 400" classname="com.granishots.notifications.domain.usecase.NotificationUseCaseTest$SendValidaciones" time="0.006"/>
  <testcase name="Notificación nula → BusinessException 400" classname="com.granishots.notifications.domain.usecase.NotificationUseCaseTest$SendValidaciones" time="0.004"/>
  <system-out><![CDATA[]]></system-out>
  <system-err><![CDATA[]]></system-err>
</testsuite>
