<?xml version="1.0" encoding="UTF-8"?>
<testsuite name="update() — actualizar plantilla" tests="3" skipped="0" failures="0" errors="0" timestamp="2026-05-29T01:22:12.441Z" hostname="DESKTOP-4RNLC2K" time="0.034">
  <properties/>
  <testcase name="ID cero → BusinessException 400" classname="com.granishots.notifications.domain.usecase.TemplateUseCaseTest$Update" time="0.006"/>
  <testcase name="ID inexistente → BusinessException 404" classname="com.granishots.notifications.domain.usecase.TemplateUseCaseTest$Update" time="0.013"/>
  <testcase name="Actualización exitosa → plantilla actualizada" classname="com.granishots.notifications.domain.usecase.TemplateUseCaseTest$Update" time="0.009"/>
  <system-out><![CDATA[]]></system-out>
  <system-err><![CDATA[]]></system-err>
</testsuite>
