<?xml version="1.0" encoding="UTF-8"?>
<testsuite name="update()" tests="4" skipped="0" failures="0" errors="0" timestamp="2026-05-27T23:59:15.538Z" hostname="DESKTOP-4RNLC2K" time="0.346">
  <properties/>
  <testcase name="Debe lanzar 404 si el insumo a actualizar no existe" classname="com.granishots.inventory.domain.usecase.SupplyUseCaseTest$Update" time="0.214"/>
  <testcase name="Debe permitir actualizar manteniendo el mismo nombre" classname="com.granishots.inventory.domain.usecase.SupplyUseCaseTest$Update" time="0.024"/>
  <testcase name="Debe actualizar un insumo existente correctamente" classname="com.granishots.inventory.domain.usecase.SupplyUseCaseTest$Update" time="0.074"/>
  <testcase name="Debe lanzar 409 si el nuevo nombre ya existe en otro insumo" classname="com.granishots.inventory.domain.usecase.SupplyUseCaseTest$Update" time="0.025"/>
  <system-out><![CDATA[]]></system-out>
  <system-err><![CDATA[]]></system-err>
</testsuite>
