<?xml version="1.0" encoding="UTF-8"?>
<testsuite name="findByName()" tests="3" skipped="0" failures="0" errors="0" timestamp="2026-05-27T23:59:16.337Z" hostname="DESKTOP-4RNLC2K" time="0.036">
  <properties/>
  <testcase name="Debe retornar resultados cuando el nombre es válido" classname="com.granishots.inventory.domain.usecase.SupplyUseCaseTest$FindByName" time="0.011"/>
  <testcase name="Debe lanzar excepción si el término tiene menos de 2 caracteres" classname="com.granishots.inventory.domain.usecase.SupplyUseCaseTest$FindByName" time="0.008"/>
  <testcase name="Debe lanzar excepción si el término está vacío" classname="com.granishots.inventory.domain.usecase.SupplyUseCaseTest$FindByName" time="0.009"/>
  <system-out><![CDATA[]]></system-out>
  <system-err><![CDATA[]]></system-err>
</testsuite>
