<?xml version="1.0" encoding="UTF-8"?>
<testsuite name="updatePrice()" tests="3" skipped="0" failures="0" errors="0" timestamp="2026-05-29T04:08:57.141Z" hostname="DESKTOP-4RNLC2K" time="0.03">
  <properties/>
  <testcase name="Debe actualizar el precio correctamente" classname="com.granishots.catalog.domain.usecase.ProductUseCaseTest$UpdatePrice" time="0.012"/>
  <testcase name="Debe lanzar excepción si el precio supera el máximo" classname="com.granishots.catalog.domain.usecase.ProductUseCaseTest$UpdatePrice" time="0.005"/>
  <testcase name="Debe lanzar excepción si el precio es negativo" classname="com.granishots.catalog.domain.usecase.ProductUseCaseTest$UpdatePrice" time="0.007"/>
  <system-out><![CDATA[]]></system-out>
  <system-err><![CDATA[]]></system-err>
</testsuite>
