<?xml version="1.0" encoding="UTF-8"?>
<testsuite name="findByCategory()" tests="3" skipped="0" failures="0" errors="0" timestamp="2026-05-29T04:08:57.197Z" hostname="DESKTOP-4RNLC2K" time="0.021">
  <properties/>
  <testcase name="Debe retornar productos de la categoría indicada" classname="com.granishots.catalog.domain.usecase.ProductUseCaseTest$FindByCategory" time="0.005"/>
  <testcase name="Debe lanzar excepción si la categoría está vacía" classname="com.granishots.catalog.domain.usecase.ProductUseCaseTest$FindByCategory" time="0.004"/>
  <testcase name="Debe lanzar excepción con categoría inválida" classname="com.granishots.catalog.domain.usecase.ProductUseCaseTest$FindByCategory" time="0.005"/>
  <system-out><![CDATA[]]></system-out>
  <system-err><![CDATA[]]></system-err>
</testsuite>
