<?xml version="1.0" encoding="UTF-8"?>
<testsuite name="findById()" tests="3" skipped="0" failures="0" errors="0" timestamp="2026-05-29T04:08:57.228Z" hostname="DESKTOP-4RNLC2K" time="0.021">
  <properties/>
  <testcase name="Debe lanzar 404 si el producto no existe" classname="com.granishots.catalog.domain.usecase.ProductUseCaseTest$FindById" time="0.006"/>
  <testcase name="Debe retornar el producto cuando existe" classname="com.granishots.catalog.domain.usecase.ProductUseCaseTest$FindById" time="0.005"/>
  <testcase name="Debe lanzar excepción si el ID es cero" classname="com.granishots.catalog.domain.usecase.ProductUseCaseTest$FindById" time="0.004"/>
  <system-out><![CDATA[]]></system-out>
  <system-err><![CDATA[]]></system-err>
</testsuite>
