<?xml version="1.0" encoding="UTF-8"?>
<testsuite name="updatePrice()" tests="3" skipped="0" failures="0" errors="0" timestamp="2026-05-29T02:02:57.934Z" hostname="DESKTOP-4RNLC2K" time="0.027">
  <properties/>
  <testcase name="Debe actualizar el precio correctamente" classname="com.granishots.catalog.domain.usecase.ProductUseCaseTest$UpdatePrice" time="0.015"/>
  <testcase name="Debe lanzar excepción si el precio supera el máximo" classname="com.granishots.catalog.domain.usecase.ProductUseCaseTest$UpdatePrice" time="0.003"/>
  <testcase name="Debe lanzar excepción si el precio es negativo" classname="com.granishots.catalog.domain.usecase.ProductUseCaseTest$UpdatePrice" time="0.005"/>
  <system-out><![CDATA[]]></system-out>
  <system-err><![CDATA[]]></system-err>
</testsuite>
