<?xml version="1.0" encoding="UTF-8"?>
<testsuite name="update()" tests="4" skipped="0" failures="0" errors="0" timestamp="2026-05-29T02:02:57.586Z" hostname="DESKTOP-4RNLC2K" time="0.206">
  <properties/>
  <testcase name="Debe lanzar 404 si el producto a actualizar no existe" classname="com.granishots.catalog.domain.usecase.ProductUseCaseTest$Update" time="0.116"/>
  <testcase name="Debe lanzar 409 si el nuevo nombre ya existe en otro producto" classname="com.granishots.catalog.domain.usecase.ProductUseCaseTest$Update" time="0.016"/>
  <testcase name="Debe actualizar un producto existente correctamente" classname="com.granishots.catalog.domain.usecase.ProductUseCaseTest$Update" time="0.059"/>
  <testcase name="Debe conservar el estado available del producto existente" classname="com.granishots.catalog.domain.usecase.ProductUseCaseTest$Update" time="0.01"/>
  <system-out><![CDATA[]]></system-out>
  <system-err><![CDATA[]]></system-err>
</testsuite>
