<?xml version="1.0" encoding="UTF-8"?>
<testsuite name="updateStatus()" tests="7" skipped="0" failures="0" errors="0" timestamp="2026-05-28T14:31:36.045Z" hostname="DESKTOP-4RNLC2K" time="0.078">
  <properties/>
  <testcase name="Debe lanzar excepción si el estado está vacío" classname="com.granishots.orders.domain.usecase.OrderUseCaseTest$UpdateStatus" time="0.006"/>
  <testcase name="Debe lanzar excepción si el estado ya es el mismo" classname="com.granishots.orders.domain.usecase.OrderUseCaseTest$UpdateStatus" time="0.011"/>
  <testcase name="Debe lanzar excepción si el pedido no existe al actualizar estado" classname="com.granishots.orders.domain.usecase.OrderUseCaseTest$UpdateStatus" time="0.011"/>
  <testcase name="Debe actualizar el estado correctamente" classname="com.granishots.orders.domain.usecase.OrderUseCaseTest$UpdateStatus" time="0.008"/>
  <testcase name="Debe lanzar excepción con estado inválido" classname="com.granishots.orders.domain.usecase.OrderUseCaseTest$UpdateStatus" time="0.004"/>
  <testcase name="Debe lanzar excepción si el pedido ya fue entregado" classname="com.granishots.orders.domain.usecase.OrderUseCaseTest$UpdateStatus" time="0.007"/>
  <testcase name="Debe lanzar excepción si el pedido ya fue cancelado" classname="com.granishots.orders.domain.usecase.OrderUseCaseTest$UpdateStatus" time="0.005"/>
  <system-out><![CDATA[]]></system-out>
  <system-err><![CDATA[]]></system-err>
</testsuite>
